<?xml version="1.0" encoding="UTF-8" ?>
<testsuite tests="8" failures="0" name="pt.ulisboa.tecnico.hdsledger.tests.ByzantineClientsTest" time="29.956" errors="0" skipped="0">
  <properties>
[...]
</properties>
  <testcase classname="pt.ulisboa.tecnico.hdsledger.tests.ByzantineClientsTest" name="pt.ulisboa.tecnico.hdsledger.tests.ByzantineClientsTest.test_impersonator_client" time="5.113"/>
  <testcase classname="pt.ulisboa.tecnico.hdsledger.tests.ByzantineClientsTest" name="pt.ulisboa.tecnico.hdsledger.tests.ByzantineClientsTest.test_dos_attack" time="2.095"/>
  <testcase classname="pt.ulisboa.tecnico.hdsledger.tests.ByzantineClientsTest" name="pt.ulisboa.tecnico.hdsledger.tests.ByzantineClientsTest.test_client_sends_malformed_request" time="5.857"/>
  <testcase classname="pt.ulisboa.tecnico.hdsledger.tests.ByzantineClientsTest" name="pt.ulisboa.tecnico.hdsledger.tests.ByzantineClientsTest.test_client_sends_request_to_nonleader" time="3.519"/>
  <testcase classname="pt.ulisboa.tecnico.hdsledger.tests.ByzantineClientsTest" name="pt.ulisboa.tecnico.hdsledger.tests.ByzantineClientsTest.test_impersonator_client_with_leader" time="0.587"/>
  <testcase classname="pt.ulisboa.tecnico.hdsledger.tests.ByzantineClientsTest" name="pt.ulisboa.tecnico.hdsledger.tests.ByzantineClientsTest.test_client_sends_different_requests" time="1.373"/>
  <testcase classname="pt.ulisboa.tecnico.hdsledger.tests.ByzantineClientsTest" name="pt.ulisboa.tecnico.hdsledger.tests.ByzantineClientsTest.test_client_sends_diff_requests_leader_sleeps" time="8.924"/>
  <testcase classname="pt.ulisboa.tecnico.hdsledger.tests.ByzantineClientsTest" name="pt.ulisboa.tecnico.hdsledger.tests.ByzantineClientsTest.test_client_sends_request_to_leader" time="2.488"/>
</testsuite>