<?xml version="1.0" encoding="UTF-8" ?>
<testsuite tests="14" failures="0" name="pt.ulisboa.tecnico.hdsledger.tests.ByzantineNodesTest" time="20.832" errors="0" skipped="0">
  <properties>
[...]
</properties>
  <testcase classname="pt.ulisboa.tecnico.hdsledger.tests.ByzantineNodesTest" name="pt.ulisboa.tecnico.hdsledger.tests.ByzantineNodesTest.test_leader_sleep" time="3.022"/>
  <testcase classname="pt.ulisboa.tecnico.hdsledger.tests.ByzantineNodesTest" name="pt.ulisboa.tecnico.hdsledger.tests.ByzantineNodesTest.test_falsify_consensus" time="0.833"/>
  <testcase classname="pt.ulisboa.tecnico.hdsledger.tests.ByzantineNodesTest" name="pt.ulisboa.tecnico.hdsledger.tests.ByzantineNodesTest.test_client_specific_ignorance" time="3.242"/>
  <testcase classname="pt.ulisboa.tecnico.hdsledger.tests.ByzantineNodesTest" name="pt.ulisboa.tecnico.hdsledger.tests.ByzantineNodesTest.test_leader_overcharges_fees" time="1.742"/>
  <testcase classname="pt.ulisboa.tecnico.hdsledger.tests.ByzantineNodesTest" name="pt.ulisboa.tecnico.hdsledger.tests.ByzantineNodesTest.test_leader_echoes_request" time="1.621"/>
  <testcase classname="pt.ulisboa.tecnico.hdsledger.tests.ByzantineNodesTest" name="pt.ulisboa.tecnico.hdsledger.tests.ByzantineNodesTest.test_f_respond_immediately" time="1.59"/>
  <testcase classname="pt.ulisboa.tecnico.hdsledger.tests.ByzantineNodesTest" name="pt.ulisboa.tecnico.hdsledger.tests.ByzantineNodesTest.test_f_respond_immediately_excluding_leader" time="1.694"/>
  <testcase classname="pt.ulisboa.tecnico.hdsledger.tests.ByzantineNodesTest" name="pt.ulisboa.tecnico.hdsledger.tests.ByzantineNodesTest.test_fp1_respond_immediately_excluding_leader" time="1.206"/>
  <testcase classname="pt.ulisboa.tecnico.hdsledger.tests.ByzantineNodesTest" name="pt.ulisboa.tecnico.hdsledger.tests.ByzantineNodesTest.test_leader_starts_consensus_then_sleeps" time="0.853"/>
  <testcase classname="pt.ulisboa.tecnico.hdsledger.tests.ByzantineNodesTest" name="pt.ulisboa.tecnico.hdsledger.tests.ByzantineNodesTest.test_f_nodes_dont_respond_on_prepare" time="0.946"/>
  <testcase classname="pt.ulisboa.tecnico.hdsledger.tests.ByzantineNodesTest" name="pt.ulisboa.tecnico.hdsledger.tests.ByzantineNodesTest.test_leader_dont_respond_on_prepare" time="1.107"/>
  <testcase classname="pt.ulisboa.tecnico.hdsledger.tests.ByzantineNodesTest" name="pt.ulisboa.tecnico.hdsledger.tests.ByzantineNodesTest.test_leader_dont_respond_on_commit" time="0.618"/>
  <testcase classname="pt.ulisboa.tecnico.hdsledger.tests.ByzantineNodesTest" name="pt.ulisboa.tecnico.hdsledger.tests.ByzantineNodesTest.test_nodes_send_duplicate_reply" time="1.219"/>
  <testcase classname="pt.ulisboa.tecnico.hdsledger.tests.ByzantineNodesTest" name="pt.ulisboa.tecnico.hdsledger.tests.ByzantineNodesTest.test_leader_alters_data" time="1.139"/>
</testsuite>